The translation began with a straightforward two-step workflow and then moved into a four-round critique cycle to polish and perfect the result. Here’s what happened:

1. Initial Translation (o3 model)  
   • The source English text—rich in conversational tone, idioms and code-related formatting—was fed to the o3 engine under a prompt that demanded strict preservation of markdown, code blocks and block quotes.  
   • Everything outside of those protected areas was rendered into Japanese, aiming for a natural-sounding, idiomatic result rather than a literal, word-for-word conversion.  

2. First Revision (Editing Pass)  
   • An “editor” prompt instructed the system to read the Japanese draft against the original English, correct grammar, smooth out phrasing, and ensure cultural appropriateness—while still respecting the original tone and structure.  
   • This pass produced a readable, reasonably fluent Japanese draft, but some nuances and technical terms still felt off, and a handful of stylistic inconsistencies remained.  

3. Four Critique Loops  
   Loop 1: A structural review flagged any outright mistranslations, missing information or formatting slips (Critical and Major issues).  
   Loop 2: A broader stylistic audit identified over-literal renderings, uneven register, and “Wasei-Eigo” or unnatural-colloquial turns.  
   Loop 3: Focused on polishing idioms and complex technical jargon—verifying that specialized terms stayed accurate or remained untranslated when no Japanese equivalent existed.  
   Loop 4: Final read-through to catch minor punctuation, consistency, and flow issues, ensuring no new errors were introduced.  

Quality Improvements at Each Stage  
   – Accuracy: Shifted from occasional imprecision in key phrases (“matter” → “重要か” instead of “どうしてコード品質が大事なのか”) to exact, nuanced renderings.  
   – Naturalness: Evolved from a slightly wordy, mechanical tone to fluid, idiom-sensitive Japanese that reads as if written natively.  
   – Technical Fidelity: Ensured code blocks and jargon were untouched or correctly annotated, preserving developer-level clarity.  

Challenges Encountered  
   • Balancing literal fidelity with natural expression, especially for English idioms and slang.  
   • Keeping technical blocks safe from translation while integrating smoothly into the surrounding Japanese.  
   • Managing register shifts (too casual vs. too formal) across a wide range of topics—from personal anecdotes to deep technical discussion.  

Overall Assessment  
   The multi-stage approach proved highly effective: the deep critique loops transformed a good first draft into a near-publication-ready translation. While resource-intensive, this workflow reliably catches subtle mistranslations and stylistic lapses, yielding a final text that preserves both the content and the conversational charm of the original.